2024-05-11 16:36:20,425 - INFO - Test 'tests/test_FirstTaskPage.py::test_first_task_first' passed
2024-05-11 16:36:36,165 - ERROR - Test 'tests/test_FirstTaskPage.py::test_first_task_second' failed: browser = <selenium.webdriver.chrome.webdriver.WebDriver (session="5366023c0c7b637e76ef08f3f41cc61e")>
setup_logging = <Logger tests.conftest (DEBUG)>

    def test_first_task_second(browser, setup_logging):
        firsttaskpage = FirstTaskPage(browser)
>       output = firsttaskpage.TextLinkOpen()

tests\test_FirstTaskPage.py:11: 
_ _ _ _ _ _ _ _ _ _ _ _ _ _ _ _ _ _ _ _ _ _ _ _ _ _ _ _ _ _ _ _ _ _ _ _ _ _ _ _ _ _ _ _ _ _ _ _ _ _ _ _ _ _ _ _ _ _ _ _

self = <pages.FirstTaskPage.FirstTaskPage object at 0x0000019E0CA9B1D0>

    def TextLinkOpen(self):
        self.get("https://tensor.ru/")
        time.sleep(7)
        # link = self.find(self.LOCATOR_FIRST_TASK_LINK_SEARCH)
        # link = self.waiter_until(self.LOCATOR_FIRST_TASK_LINK_SEARCH)
        link = self.waiter_clicable(self.LOCATOR_FIRST_TASK_LINK_SEARCH)
        # link = self.waiter_until_list(self.LOCATOR_FIRST_TASK_LINK_SEARCH_ANOTHER)
        another_link = link.get_attribute('href')
        # action = ActionChains(self.driver)
        # action.click(self.find(self.LOCATOR_FIRST_TASK_LINK_SEARCH)).perform()
>       self.invisibility_element(LOCATOR_INVISIBILITY_ELEMENT)
E       NameError: name 'LOCATOR_INVISIBILITY_ELEMENT' is not defined

pages\FirstTaskPage.py:49: NameError
