2024-05-11 16:37:13,536 - INFO - Test 'tests/test_FirstTaskPage.py::test_first_task_first' passed
2024-05-11 16:37:29,282 - ERROR - Test 'tests/test_FirstTaskPage.py::test_first_task_second' failed: browser = <selenium.webdriver.chrome.webdriver.WebDriver (session="33f6eaf208a3ff51faf9a9c2a72f433c")>
setup_logging = <Logger tests.conftest (DEBUG)>

    def test_first_task_second(browser, setup_logging):
        firsttaskpage = FirstTaskPage(browser)
>       output = firsttaskpage.TextLinkOpen()

tests\test_FirstTaskPage.py:11: 
_ _ _ _ _ _ _ _ _ _ _ _ _ _ _ _ _ _ _ _ _ _ _ _ _ _ _ _ _ _ _ _ _ _ _ _ _ _ _ _ _ _ _ _ _ _ _ _ _ _ _ _ _ _ _ _ _ _ _ _

self = <pages.FirstTaskPage.FirstTaskPage object at 0x000001F8C84FB250>

    def TextLinkOpen(self):
        self.get("https://tensor.ru/")
        time.sleep(7)
        # link = self.find(self.LOCATOR_FIRST_TASK_LINK_SEARCH)
        # link = self.waiter_until(self.LOCATOR_FIRST_TASK_LINK_SEARCH)
        link = self.waiter_clicable(self.LOCATOR_FIRST_TASK_LINK_SEARCH)
        # link = self.waiter_until_list(self.LOCATOR_FIRST_TASK_LINK_SEARCH_ANOTHER)
        another_link = link.get_attribute('href')
        # action = ActionChains(self.driver)
        # action.click(self.find(self.LOCATOR_FIRST_TASK_LINK_SEARCH)).perform()
>       self.invisibility_element(self.LOCATOR_INVISIBILITY_ELEMENT)
E       AttributeError: 'FirstTaskPage' object has no attribute 'LOCATOR_INVISIBILITY_ELEMENT'

pages\FirstTaskPage.py:49: AttributeError
