2024-05-11 14:06:34,133 - ERROR - Test 'tests/test_SecondTaskPage.py::test_RegionCheck' failed: browser = <selenium.webdriver.chrome.webdriver.WebDriver (session="4c0645d631b28628d9796d9fa4422656")>
setup_logging = <Logger tests.conftest (DEBUG)>

    def test_RegionCheck(browser, setup_logging):
        secondtaskpage = SecondTaskPage(browser)
>       region, list_of_orgs = secondtaskpage.RegionCheck()

tests\test_SecondTaskPage.py:5: 
_ _ _ _ _ _ _ _ _ _ _ _ _ _ _ _ _ _ _ _ _ _ _ _ _ _ _ _ _ _ _ _ _ _ _ _ _ _ _ _ _ _ _ _ _ _ _ _ _ _ _ _ _ _ _ _ _ _ _ _

self = <pages.SecondTaskPage.SecondTaskPage object at 0x000002166F682D90>

    def RegionCheck(self):
        self.get("https://sbis.ru/contacts")
        waiter = self.wait()
>       region = waiter.until(EC.presence_of_element_located(self.LOCATOR_SECOND_TASK_REGION)).text
E       AttributeError: 'NoneType' object has no attribute 'until'

pages\SecondTaskPage.py:23: AttributeError
2024-05-11 14:06:38,454 - ERROR - Test 'tests/test_SecondTaskPage.py::test_RegionsSwitchCheck' failed: browser = <selenium.webdriver.chrome.webdriver.WebDriver (session="49124aa96889dd658725e1ed031984de")>
setup_logging = <Logger tests.conftest (DEBUG)>

    def test_RegionsSwitchCheck(browser, setup_logging):
        secondtaskpage = SecondTaskPage(browser)
>       region, list_of_orgs, url, title_of_new_page, new_region, new_list_of_orgs = secondtaskpage.RegionCheck()

tests\test_SecondTaskPage.py:12: 
_ _ _ _ _ _ _ _ _ _ _ _ _ _ _ _ _ _ _ _ _ _ _ _ _ _ _ _ _ _ _ _ _ _ _ _ _ _ _ _ _ _ _ _ _ _ _ _ _ _ _ _ _ _ _ _ _ _ _ _

self = <pages.SecondTaskPage.SecondTaskPage object at 0x000002166F6AE150>

    def RegionCheck(self):
        self.get("https://sbis.ru/contacts")
        waiter = self.wait()
>       region = waiter.until(EC.presence_of_element_located(self.LOCATOR_SECOND_TASK_REGION)).text
E       AttributeError: 'NoneType' object has no attribute 'until'

pages\SecondTaskPage.py:23: AttributeError
