2024-05-11 16:35:43,370 - INFO - Test 'tests/test_FirstTaskPage.py::test_first_task_first' passed
2024-05-11 16:35:59,196 - ERROR - Test 'tests/test_FirstTaskPage.py::test_first_task_second' failed: browser = <selenium.webdriver.chrome.webdriver.WebDriver (session="6aa3a3c8450bd8b8402f417df9fbc962")>
setup_logging = <Logger tests.conftest (DEBUG)>

    def test_first_task_second(browser, setup_logging):
        firsttaskpage = FirstTaskPage(browser)
>       output = firsttaskpage.TextLinkOpen()

tests\test_FirstTaskPage.py:11: 
_ _ _ _ _ _ _ _ _ _ _ _ _ _ _ _ _ _ _ _ _ _ _ _ _ _ _ _ _ _ _ _ _ _ _ _ _ _ _ _ _ _ _ _ _ _ _ _ _ _ _ _ _ _ _ _ _ _ _ _

self = <pages.FirstTaskPage.FirstTaskPage object at 0x000001A5922AD510>

    def TextLinkOpen(self):
        self.get("https://tensor.ru/")
        time.sleep(7)
        # link = self.find(self.LOCATOR_FIRST_TASK_LINK_SEARCH)
        # link = self.waiter_until(self.LOCATOR_FIRST_TASK_LINK_SEARCH)
        link = self.waiter_clicable(self.LOCATOR_FIRST_TASK_LINK_SEARCH)
        # link = self.waiter_until_list(self.LOCATOR_FIRST_TASK_LINK_SEARCH_ANOTHER)
        another_link = link.get_attribute('href')
        # action = ActionChains(self.driver)
        # action.click(self.find(self.LOCATOR_FIRST_TASK_LINK_SEARCH)).perform()
>       self.invisibility_element(LOCATOR_INVISIBILITY_ELEMENT)
E       AttributeError: 'FirstTaskPage' object has no attribute 'invisibility_element'

pages\FirstTaskPage.py:49: AttributeError
