2024-05-11 14:05:50,799 - ERROR - Test 'tests/test_SecondTaskPage.py::test_RegionCheck' failed: browser = <selenium.webdriver.chrome.webdriver.WebDriver (session="8125410aa404e3363b79e3b57f4f1e19")>
setup_logging = <Logger tests.conftest (DEBUG)>

    def test_RegionCheck(browser, setup_logging):
        secondtaskpage = SecondTaskPage(browser)
>       region, list_of_orgs = secondtaskpage.RegionCheck()

tests\test_SecondTaskPage.py:5: 
_ _ _ _ _ _ _ _ _ _ _ _ _ _ _ _ _ _ _ _ _ _ _ _ _ _ _ _ _ _ _ _ _ _ _ _ _ _ _ _ _ _ _ _ _ _ _ _ _ _ _ _ _ _ _ _ _ _ _ _

self = <pages.SecondTaskPage.SecondTaskPage object at 0x00000280A6083B90>

    def RegionCheck(self):
        self.get("https://sbis.ru/contacts")
        waiter = self.wait()
>       region = waiter.until(EC.presence_of_element_located(self.LOCATOR_SECOND_TASK_REGION)).text
E       AttributeError: 'NoneType' object has no attribute 'until'

pages\SecondTaskPage.py:23: AttributeError
2024-05-11 14:05:54,540 - ERROR - Test 'tests/test_SecondTaskPage.py::test_RegionsSwitchCheck' failed: browser = <selenium.webdriver.chrome.webdriver.WebDriver (session="011b334811add7783661ad6aa72534ba")>
setup_logging = <Logger tests.conftest (DEBUG)>

    def test_RegionsSwitchCheck(browser, setup_logging):
        secondtaskpage = SecondTaskPage(browser)
>       region, list_of_orgs, url, title_of_new_page, new_region, new_list_of_orgs = secondtaskpage.RegionCheck()

tests\test_SecondTaskPage.py:12: 
_ _ _ _ _ _ _ _ _ _ _ _ _ _ _ _ _ _ _ _ _ _ _ _ _ _ _ _ _ _ _ _ _ _ _ _ _ _ _ _ _ _ _ _ _ _ _ _ _ _ _ _ _ _ _ _ _ _ _ _

self = <pages.SecondTaskPage.SecondTaskPage object at 0x00000280A60F0550>

    def RegionCheck(self):
        self.get("https://sbis.ru/contacts")
        waiter = self.wait()
>       region = waiter.until(EC.presence_of_element_located(self.LOCATOR_SECOND_TASK_REGION)).text
E       AttributeError: 'NoneType' object has no attribute 'until'

pages\SecondTaskPage.py:23: AttributeError
