2024-05-11 16:00:22,338 - INFO - Test 'tests/test_FirstTaskPage.py::test_first_task_first' passed
2024-05-11 16:00:32,392 - ERROR - Test 'tests/test_FirstTaskPage.py::test_first_task_second' failed: browser = <selenium.webdriver.chrome.webdriver.WebDriver (session="e7ddf15504276e6707970cefde64efbf")>
setup_logging = <Logger tests.conftest (DEBUG)>

    def test_first_task_second(browser, setup_logging):
        firsttaskpage = FirstTaskPage(browser)
>       output = firsttaskpage.TextLinkOpen()

tests\test_FirstTaskPage.py:11: 
_ _ _ _ _ _ _ _ _ _ _ _ _ _ _ _ _ _ _ _ _ _ _ _ _ _ _ _ _ _ _ _ _ _ _ _ _ _ _ _ _ _ _ _ _ _ _ _ _ _ _ _ _ _ _ _ _ _ _ _
pages\FirstTaskPage.py:42: in TextLinkOpen
    link.click()
..\env\Lib\site-packages\selenium\webdriver\remote\webelement.py:94: in click
    self._execute(Command.CLICK_ELEMENT)
..\env\Lib\site-packages\selenium\webdriver\remote\webelement.py:395: in _execute
    return self._parent.execute(command, params)
..\env\Lib\site-packages\selenium\webdriver\remote\webdriver.py:347: in execute
    self.error_handler.check_response(response)
_ _ _ _ _ _ _ _ _ _ _ _ _ _ _ _ _ _ _ _ _ _ _ _ _ _ _ _ _ _ _ _ _ _ _ _ _ _ _ _ _ _ _ _ _ _ _ _ _ _ _ _ _ _ _ _ _ _ _ _

self = <selenium.webdriver.remote.errorhandler.ErrorHandler object at 0x00000201F7ECB290>
response = {'status': 400, 'value': '{"value":{"error":"element click intercepted","message":"element click intercepted: Element ...07FF739481904]\\n\\tBaseThreadInitThunk [0x00007FFD3DEC257D+29]\\n\\tRtlUserThreadStart [0x00007FFD3E72AA48+40]\\n"}}'}

    def check_response(self, response: Dict[str, Any]) -> None:
        """Checks that a JSON response from the WebDriver does not have an
        error.
    
        :Args:
         - response - The JSON response from the WebDriver server as a dictionary
           object.
    
        :Raises: If the response contains an error message.
        """
        status = response.get("status", None)
        if not status or status == ErrorCode.SUCCESS:
            return
        value = None
        message = response.get("message", "")
        screen: str = response.get("screen", "")
        stacktrace = None
        if isinstance(status, int):
            value_json = response.get("value", None)
            if value_json and isinstance(value_json, str):
                import json
    
                try:
                    value = json.loads(value_json)
                    if len(value) == 1:
                        value = value["value"]
                    status = value.get("error", None)
                    if not status:
                        status = value.get("status", ErrorCode.UNKNOWN_ERROR)
                        message = value.get("value") or value.get("message")
                        if not isinstance(message, str):
                            value = message
                            message = message.get("message")
                    else:
                        message = value.get("message", None)
                except ValueError:
                    pass
    
        exception_class: Type[WebDriverException]
        e = ErrorCode()
        error_codes = [item for item in dir(e) if not item.startswith("__")]
        for error_code in error_codes:
            error_info = getattr(ErrorCode, error_code)
            if isinstance(error_info, list) and status in error_info:
                exception_class = getattr(ExceptionMapping, error_code, WebDriverException)
                break
        else:
            exception_class = WebDriverException
    
        if not value:
            value = response["value"]
        if isinstance(value, str):
            raise exception_class(value)
        if message == "" and "message" in value:
            message = value["message"]
    
        screen = None  # type: ignore[assignment]
        if "screen" in value:
            screen = value["screen"]
    
        stacktrace = None
        st_value = value.get("stackTrace") or value.get("stacktrace")
        if st_value:
            if isinstance(st_value, str):
                stacktrace = st_value.split("\n")
            else:
                stacktrace = []
                try:
                    for frame in st_value:
                        line = frame.get("lineNumber", "")
                        file = frame.get("fileName", "<anonymous>")
                        if line:
                            file = f"{file}:{line}"
                        meth = frame.get("methodName", "<anonymous>")
                        if "className" in frame:
                            meth = f"{frame['className']}.{meth}"
                        msg = "    at %s (%s)"
                        msg = msg % (meth, file)
                        stacktrace.append(msg)
                except TypeError:
                    pass
        if exception_class == UnexpectedAlertPresentException:
            alert_text = None
            if "data" in value:
                alert_text = value["data"].get("text")
            elif "alert" in value:
                alert_text = value["alert"].get("text")
            raise exception_class(message, screen, stacktrace, alert_text)  # type: ignore[call-arg]  # mypy is not smart enough here
>       raise exception_class(message, screen, stacktrace)
E       selenium.common.exceptions.ElementClickInterceptedException: Message: element click intercepted: Element <a href="/about" class="tensor_ru-link tensor_ru-Index__link">...</a> is not clickable at point (88, 855). Other element would receive the click: <a href="/uc/personal_data.pdf" target="_blank" class="tensor_ru-link">...</a>
E         (Session info: chrome=124.0.6367.158)
E       Stacktrace:
E       	GetHandleVerifier [0x00007FF739511562+60802]
E       	(No symbol) [0x00007FF73948AC62]
E       	(No symbol) [0x00007FF739347CE4]
E       	(No symbol) [0x00007FF73939E877]
E       	(No symbol) [0x00007FF73939C344]
E       	(No symbol) [0x00007FF73939980A]
E       	(No symbol) [0x00007FF7393989E2]
E       	(No symbol) [0x00007FF73938AE8B]
E       	(No symbol) [0x00007FF7393BAB7A]
E       	(No symbol) [0x00007FF73938A7C6]
E       	(No symbol) [0x00007FF7393BAD90]
E       	(No symbol) [0x00007FF7393DA224]
E       	(No symbol) [0x00007FF7393BA923]
E       	(No symbol) [0x00007FF739388FEC]
E       	(No symbol) [0x00007FF739389C21]
E       	GetHandleVerifier [0x00007FF7398141FD+3217949]
E       	GetHandleVerifier [0x00007FF739856197+3488183]
E       	GetHandleVerifier [0x00007FF73984F11F+3459391]
E       	GetHandleVerifier [0x00007FF7395CB926+823622]
E       	(No symbol) [0x00007FF739495FFF]
E       	(No symbol) [0x00007FF739490F24]
E       	(No symbol) [0x00007FF7394910B2]
E       	(No symbol) [0x00007FF739481904]
E       	BaseThreadInitThunk [0x00007FFD3DEC257D+29]
E       	RtlUserThreadStart [0x00007FFD3E72AA48+40]

..\env\Lib\site-packages\selenium\webdriver\remote\errorhandler.py:229: ElementClickInterceptedException
